// 同步 ID: 15e66a9c @ Thu Jun 25 15:25:08 UTC 2026
// 重构日志: ccaf6e8d
// 重构日志: f1bca532
// 重构日志: f841806a
// 重构日志: 99ad24d7
// 重构日志: bfa7bbd9
// 同步 ID: 72fef625 @ Mon Jun 29 06:06:07 UTC 2026
// 重构日志: bce1ef5c
// 重构日志: c81ace9c
// 同步 ID: c9d69bd4 @ Sat Jul  4 00:14:42 UTC 2026
// 重构日志: f1c9b7ac
// 重构日志: 4c7c7171
// 重构日志: f0590626
// 重构日志: d49cfaae
// 同步 ID: 1eca6817 @ Sun Jul  5 11:52:20 UTC 2026
// 重构日志: 27656788
// 同步 ID: 2c334943 @ Sun Jul  5 18:18:46 UTC 2026
// 重构日志: a76e33ca
// 重构日志: c06ee1a7
// 同步 ID: e323de5c @ Tue Jul  7 18:52:04 UTC 2026
// 重构日志: 0af17074
// 同步 ID: 26fe9791 @ Wed Jul  8 07:52:35 UTC 2026
// 同步 ID: 099ee5b1 @ Wed Jul  8 11:08:32 UTC 2026
// 重构日志: 9263a5d8
// 同步 ID: ec36a198 @ Wed Jul  8 15:42:06 UTC 2026
// 同步 ID: 2af91027 @ Wed Jul  8 18:11:26 UTC 2026
// 重构日志: c0d001f7
// 同步 ID: 7aa9a824 @ Thu Jul  9 16:34:26 UTC 2026
// 同步 ID: 7761fac7 @ Fri Jul 10 00:47:39 UTC 2026
// 同步 ID: 536b139f @ Fri Jul 10 12:34:23 UTC 2026
// 重构日志: 195db196
// 重构日志: bcf79de8
